<?xml version="1.0" encoding="UTF-8"?>
<!-- Generated by org.testng.reporters.JUnitXMLReporter -->
<testsuite ignored="0" hostname="SCL837" failures="0" tests="12" name="Test" time="6.563" errors="0" timestamp="2026-09-21T18:29:15 IST">
  <testcase classname="org.testing.TestScripts.GenerateAccessToken" name="generateAccessTokenWithValidCredentials" time="0.788"/>
  <testcase classname="org.testing.TestScripts.GenerateAccessToken" name="generateAccessTokenWithInvalidUserName" time="0.337"/>
  <testcase classname="org.testing.TestScripts.GenerateAccessToken" name="generateAccessTokenWithInvalidPassword" time="0.509"/>
  <testcase classname="org.testing.TestScripts.UserAPIs_GetUser" name="getAllUsers" time="0.932"/>
  <testcase classname="org.testing.TestScripts.UserAPIs_GetUser" name="getAllUsers_ExpiredORInvalidAccessToken" time="0.248"/>
  <testcase classname="org.testing.TestScripts.UserAPIs_GetUser" name="getSingleUser" time="0.391"/>
  <testcase classname="org.testing.TestScripts.UserAPIs_GetUser" name="getSingleUser_ExpiredOrInvalidAccessToken" time="0.251"/>
  <testcase classname="org.testing.TestScripts.UserAPIs_GetUser" name="getSingleUserNotExist" time="0.287"/>
  <testcase classname="org.testing.TestScripts.CreateUserSync" name="createUserSyncSuccess" time="0.978"/>
  <testcase classname="org.testing.TestScripts.CreateUserSync" name="createUserSyncExpiredAccessToken" time="0.251"/>
  <testcase classname="org.testing.TestScripts.CreateUserSync" name="createUserSyncUserAlreadyExist" time="1.27"/>
  <testcase classname="org.testing.TestScripts.CreateUserSync" name="createUserSyncMissedId" time="0.283"/>
</testsuite> <!-- Test -->
