<?xml version="1.0" encoding="UTF-8"?>
<!-- Generated by org.testng.reporters.JUnitXMLReporter -->
<testsuite ignored="0" hostname="SCL837" failures="0" tests="5" name="Test" time="2.766" errors="0" timestamp="2026-09-21T15:25:28 IST">
  <testcase classname="org.testing.TestScripts.GenerateAccessToken" name="generateAccessTokenWithValidCredentials" time="0.685"/>
  <testcase classname="org.testing.TestScripts.GenerateAccessToken" name="generateAccessTokenWithInvalidUserName" time="0.395"/>
  <testcase classname="org.testing.TestScripts.GenerateAccessToken" name="generateAccessTokenWithInvalidPassword" time="0.47"/>
  <testcase classname="org.testing.TestScripts.UserAPIs_GetUser" name="getAllUsers" time="0.939"/>
  <testcase classname="org.testing.TestScripts.UserAPIs_GetUser" name="getAllUsersWithExpiredToken" time="0.246"/>
</testsuite> <!-- Test -->
