<?xml version="1.0" encoding="UTF-8"?>
<testng-results ignored="0" total="3" passed="3" failed="0" skipped="0">
  <reporter-output>
  </reporter-output>
  <suite started-at="2026-09-18T23:09:42 IST" name="Suite" finished-at="2026-09-18T23:09:48 IST" duration-ms="6517">
    <groups>
    </groups>
    <test started-at="2026-09-18T23:09:42 IST" name="Test" finished-at="2026-09-18T23:09:48 IST" duration-ms="6517">
      <class name="org.testing.TestScripts.UserOAuth">
        <test-method is-config="true" signature="userOAuthWithValidCredentials()[pri:0, instance:org.testing.TestScripts.UserOAuth@2f465398]" started-at="2026-09-18T23:09:31 IST" name="userOAuthWithValidCredentials" finished-at="2026-09-18T23:09:42 IST" duration-ms="10350" status="PASS">
          <reporter-output>
          </reporter-output>
        </test-method> <!-- userOAuthWithValidCredentials -->
        <test-method signature="userOAuthWithInvalidUserName()[pri:1, instance:org.testing.TestScripts.UserOAuth@2f465398]" started-at="2026-09-18T23:09:42 IST" name="userOAuthWithInvalidUserName" finished-at="2026-09-18T23:09:44 IST" duration-ms="2096" status="PASS">
          <reporter-output>
          </reporter-output>
        </test-method> <!-- userOAuthWithInvalidUserName -->
        <test-method signature="userOAuthWithInvalidPassword()[pri:2, instance:org.testing.TestScripts.UserOAuth@2f465398]" started-at="2026-09-18T23:09:44 IST" name="userOAuthWithInvalidPassword" finished-at="2026-09-18T23:09:46 IST" duration-ms="2083" status="PASS">
          <reporter-output>
          </reporter-output>
        </test-method> <!-- userOAuthWithInvalidPassword -->
      </class> <!-- org.testing.TestScripts.UserOAuth -->
      <class name="org.testing.TestScripts.GetUser">
        <test-method signature="getAllUsers()[pri:2, instance:org.testing.TestScripts.GetUser@5609159b]" started-at="2026-09-18T23:09:46 IST" name="getAllUsers" finished-at="2026-09-18T23:09:48 IST" duration-ms="2274" status="PASS">
          <reporter-output>
          </reporter-output>
        </test-method> <!-- getAllUsers -->
      </class> <!-- org.testing.TestScripts.GetUser -->
    </test> <!-- Test -->
  </suite> <!-- Suite -->
</testng-results>
