<?xml version="1.0" encoding="UTF-8"?>
<testsuite name="TestSuite" time="8.023" tests="12" errors="0" skipped="0" failures="0">
  <properties>
[...]
</properties>
  <testcase name="generateAccessTokenWithValidCredentials" classname="org.testing.TestScripts.GenerateAccessToken" time="0.781"/>
  <testcase name="generateAccessTokenWithInvalidUserName" classname="org.testing.TestScripts.GenerateAccessToken" time="0.428"/>
  <testcase name="generateAccessTokenWithInvalidPassword" classname="org.testing.TestScripts.GenerateAccessToken" time="0.566"/>
  <testcase name="getAllUsers" classname="org.testing.TestScripts.UserAPIs_GetUser" time="1.163"/>
  <testcase name="getAllUsers_ExpiredORInvalidAccessToken" classname="org.testing.TestScripts.UserAPIs_GetUser" time="0.307"/>
  <testcase name="getSingleUser" classname="org.testing.TestScripts.UserAPIs_GetUser" time="0.459"/>
  <testcase name="getSingleUser_ExpiredOrInvalidAccessToken" classname="org.testing.TestScripts.UserAPIs_GetUser" time="0.307"/>
  <testcase name="getSingleUserNotExist" classname="org.testing.TestScripts.UserAPIs_GetUser" time="0.364"/>
  <testcase name="createUserSyncSuccess" classname="org.testing.TestScripts.CreateUserSync" time="1.339"/>
  <testcase name="createUserSyncExpiredAccessToken" classname="org.testing.TestScripts.CreateUserSync" time="0.299"/>
  <testcase name="createUserSyncUserAlreadyExist" classname="org.testing.TestScripts.CreateUserSync" time="1.682"/>
  <testcase name="createUserSyncMissedId" classname="org.testing.TestScripts.CreateUserSync" time="0.328"/>
</testsuite>