<?xml version="1.0" encoding="UTF-8"?>
<testng-results skipped="0" failed="0" total="1" passed="1">
  <reporter-output>
  </reporter-output>
  <suite name="Default suite" duration-ms="4214" started-at="2022-11-25T08:03:57Z" finished-at="2022-11-25T08:04:01Z">
    <groups>
    </groups>
    <test name="Default test" duration-ms="4214" started-at="2022-11-25T08:03:57Z" finished-at="2022-11-25T08:04:01Z">
      <class name="org.testing.TestScripts.MSBackendGateway">
        <test-method status="PASS" signature="opportunity()[pri:0, instance:org.testing.TestScripts.MSBackendGateway@402e37bc]" name="opportunity" duration-ms="4200" started-at="2022-11-25T13:33:57Z" finished-at="2022-11-25T13:34:01Z">
          <reporter-output>
          </reporter-output>
        </test-method> <!-- opportunity -->
      </class> <!-- org.testing.TestScripts.MSBackendGateway -->
    </test> <!-- Default test -->
  </suite> <!-- Default suite -->
</testng-results>
