<?xml version="1.0" encoding="UTF-8"?>
<testng-results total="1" passed="0" failed="1" skipped="0">
  <reporter-output>
  </reporter-output>
  <suite started-at="2025-10-09T10:07:17Z" name="Default suite" finished-at="2025-10-09T10:07:21Z" duration-ms="3747">
    <groups>
    </groups>
    <test started-at="2025-10-09T10:07:17Z" name="Default test" finished-at="2025-10-09T10:07:21Z" duration-ms="3747">
      <class name="org.testing.TestScripts.TC2_UserPermissions">
        <test-method signature="usersPermissions()[pri:0, instance:org.testing.TestScripts.TC2_UserPermissions@53dbe163]" started-at="2025-10-09T15:37:17Z" name="usersPermissions" finished-at="2025-10-09T15:37:21Z" duration-ms="3716" status="FAIL">
          <exception class="org.json.JSONException">
            <message>
              <![CDATA[JSONObject["accessToken"] not found.]]>
            </message>
            <full-stacktrace>
              <![CDATA[org.json.JSONException: JSONObject["accessToken"] not found.
	at org.json.JSONObject.get(JSONObject.java:580)
	at org.testing.TestSteps.UserModule.loginBackendUser(UserModule.java:95)
	at org.testing.TestSteps.User_Permissions.allBackendUserPermissions(User_Permissions.java:25)
	at org.testing.TestScripts.TC2_UserPermissions.usersPermissions(TC2_UserPermissions.java:26)
	at java.base/jdk.internal.reflect.NativeMethodAccessorImpl.invoke0(Native Method)
	at java.base/jdk.internal.reflect.NativeMethodAccessorImpl.invoke(NativeMethodAccessorImpl.java:77)
	at java.base/jdk.internal.reflect.DelegatingMethodAccessorImpl.invoke(DelegatingMethodAccessorImpl.java:43)
	at java.base/java.lang.reflect.Method.invoke(Method.java:568)
	at org.testng.internal.MethodInvocationHelper.invokeMethod(MethodInvocationHelper.java:85)
	at org.testng.internal.Invoker.invokeMethod(Invoker.java:639)
	at org.testng.internal.Invoker.invokeTestMethod(Invoker.java:821)
	at org.testng.internal.Invoker.invokeTestMethods(Invoker.java:1131)
	at org.testng.internal.TestMethodWorker.invokeTestMethods(TestMethodWorker.java:124)
	at org.testng.internal.TestMethodWorker.run(TestMethodWorker.java:108)
	at org.testng.TestRunner.privateRun(TestRunner.java:773)
	at org.testng.TestRunner.run(TestRunner.java:623)
	at org.testng.SuiteRunner.runTest(SuiteRunner.java:357)
	at org.testng.SuiteRunner.runSequentially(SuiteRunner.java:352)
	at org.testng.SuiteRunner.privateRun(SuiteRunner.java:310)
	at org.testng.SuiteRunner.run(SuiteRunner.java:259)
	at org.testng.SuiteRunnerWorker.runSuite(SuiteRunnerWorker.java:52)
	at org.testng.SuiteRunnerWorker.run(SuiteRunnerWorker.java:86)
	at org.testng.TestNG.runSuitesSequentially(TestNG.java:1185)
	at org.testng.TestNG.runSuitesLocally(TestNG.java:1110)
	at org.testng.TestNG.run(TestNG.java:1018)
	at org.testng.remote.AbstractRemoteTestNG.run(AbstractRemoteTestNG.java:115)
	at org.testng.remote.RemoteTestNG.initAndRun(RemoteTestNG.java:251)
	at org.testng.remote.RemoteTestNG.main(RemoteTestNG.java:77)
]]>
            </full-stacktrace>
          </exception> <!-- org.json.JSONException -->
          <reporter-output>
          </reporter-output>
        </test-method> <!-- usersPermissions -->
      </class> <!-- org.testing.TestScripts.TC2_UserPermissions -->
    </test> <!-- Default test -->
  </suite> <!-- Default suite -->
</testng-results>
