<?xml version="1.0" encoding="UTF-8"?>
<!-- Generated by org.testng.reporters.JUnitReportReporter -->
<testsuite skipped="6" hostname="DESKTOP-CD955F8" name="org.testing.TestScripts.MSBackendGateway" tests="7" failures="0" timestamp="2023-02-04T17:08:22 IST" time="8.804" errors="0">
  <testcase name="users" time="8.804" classname="org.testing.TestScripts.MSBackendGateway"/>
  <system-out/>
  <testcase name="usersPermissions" classname="org.testing.TestScripts.MSBackendGateway">
    <skipped/>
  </testcase> <!-- usersPermissions -->
  <system-out/>
  <testcase name="leads" classname="org.testing.TestScripts.MSBackendGateway">
    <skipped/>
  </testcase> <!-- leads -->
  <system-out/>
  <testcase name="counsellor" classname="org.testing.TestScripts.MSBackendGateway">
    <skipped/>
  </testcase> <!-- counsellor -->
  <system-out/>
  <testcase name="analytics" classname="org.testing.TestScripts.MSBackendGateway">
    <skipped/>
  </testcase> <!-- analytics -->
  <system-out/>
  <testcase name="fieldForce" classname="org.testing.TestScripts.MSBackendGateway">
    <skipped/>
  </testcase> <!-- fieldForce -->
  <system-out/>
  <testcase name="msForms" classname="org.testing.TestScripts.MSBackendGateway">
    <skipped/>
  </testcase> <!-- msForms -->
  <system-out/>
</testsuite> <!-- org.testing.TestScripts.MSBackendGateway -->
